0 info it worked if it ends with ok
1 verbose cli [ '/Users/MASTER/.nvm/versions/node/v6.3.1/bin/node',
1 verbose cli   '/Users/MASTER/.nvm/versions/node/v6.3.1/bin/npm',
1 verbose cli   'run',
1 verbose cli   'start' ]
2 info using npm@3.10.3
3 info using node@v6.3.1
4 verbose run-script [ 'prestart', 'start', 'poststart' ]
5 info lifecycle BookShare-App@1.0.0~prestart: BookShare-App@1.0.0
6 silly lifecycle BookShare-App@1.0.0~prestart: no script for prestart, continuing
7 info lifecycle BookShare-App@1.0.0~start: BookShare-App@1.0.0
8 verbose lifecycle BookShare-App@1.0.0~start: unsafe-perm in lifecycle true
9 verbose lifecycle BookShare-App@1.0.0~start: PATH: /Users/MASTER/.nvm/versions/node/v6.3.1/lib/node_modules/npm/bin/node-gyp-bin:/Users/MASTER/code/BookShare-App/node_modules/.bin:/Users/MASTER/.nvm/versions/node/v6.3.1/bin:/Users/MASTER/.nvm/versions/node/v6.3.1/bin:/Users/MASTER/.node/bin:/Users/MASTER/local/node/bin:/Users/MASTER/.rbenv/shims:/Users/MASTER/.rvm/gems/ruby-2.2.1/bin:/Users/MASTER/.rvm/gems/ruby-2.2.1@global/bin:/Users/MASTER/.rvm/rubies/ruby-2.2.1/bin:/Library/Frameworks/Python.framework/Versions/2.7/bin:/Library/Frameworks/Python.framework/Versions/3.4/bin:/Library/Frameworks/Python.framework/Versions/3.4/bin:/opt/local/bin:/opt/local/sbin:/System/Library/Frameworks/Python.framework/Versions/2.7/bin:/usr/local/Cellar/sonar-runner/2.4/libexec/bin:/usr/local/bin:/usr/local/bin:/usr/bin:/bin:/usr/sbin:/sbin:/usr/local/git/bin:/usr/local/go/bin:/Users/MASTER/.rvm/bin:/usr/local/mysql/bin:/usr/local/postgre/bin
10 verbose lifecycle BookShare-App@1.0.0~start: CWD: /Users/MASTER/code/BookShare-App
11 silly lifecycle BookShare-App@1.0.0~start: Args: [ '-c', 'node server/app.js' ]
12 silly lifecycle BookShare-App@1.0.0~start: Returned: code: 1  signal: null
13 info lifecycle BookShare-App@1.0.0~start: Failed to exec start script
14 verbose stack Error: BookShare-App@1.0.0 start: `node server/app.js`
14 verbose stack Exit status 1
14 verbose stack     at EventEmitter.<anonymous> (/Users/MASTER/.nvm/versions/node/v6.3.1/lib/node_modules/npm/lib/utils/lifecycle.js:242:16)
14 verbose stack     at emitTwo (events.js:106:13)
14 verbose stack     at EventEmitter.emit (events.js:191:7)
14 verbose stack     at ChildProcess.<anonymous> (/Users/MASTER/.nvm/versions/node/v6.3.1/lib/node_modules/npm/lib/utils/spawn.js:40:14)
14 verbose stack     at emitTwo (events.js:106:13)
14 verbose stack     at ChildProcess.emit (events.js:191:7)
14 verbose stack     at maybeClose (internal/child_process.js:852:16)
14 verbose stack     at Process.ChildProcess._handle.onexit (internal/child_process.js:215:5)
15 verbose pkgid BookShare-App@1.0.0
16 verbose cwd /Users/MASTER/code/BookShare-App
17 error Darwin 16.0.0
18 error argv "/Users/MASTER/.nvm/versions/node/v6.3.1/bin/node" "/Users/MASTER/.nvm/versions/node/v6.3.1/bin/npm" "run" "start"
19 error node v6.3.1
20 error npm  v3.10.3
21 error code ELIFECYCLE
22 error BookShare-App@1.0.0 start: `node server/app.js`
22 error Exit status 1
23 error Failed at the BookShare-App@1.0.0 start script 'node server/app.js'.
23 error Make sure you have the latest version of node.js and npm installed.
23 error If you do, this is most likely a problem with the BookShare-App package,
23 error not with npm itself.
23 error Tell the author that this fails on your system:
23 error     node server/app.js
23 error You can get information on how to open an issue for this project with:
23 error     npm bugs BookShare-App
23 error Or if that isn't available, you can get their info via:
23 error     npm owner ls BookShare-App
23 error There is likely additional logging output above.
24 verbose exit [ 1, true ]
